Running in no-clean mode.  Mistakes will not be cleaned up.
The files belonging to this database system will be owned by user "alena".
This user must also own the server process.

The database cluster will be initialized with locales
  COLLATE:  en_GB.UTF-8
  CTYPE:    en_GB.UTF-8
  MESSAGES: C
  MONETARY: ru_RU.UTF-8
  NUMERIC:  ru_RU.UTF-8
  TIME:     ru_RU.UTF-8
The default database encoding has accordingly been set to "UTF8".
The default text search configuration will be set to "english".

Data page checksums are disabled.

creating directory /home/alena/test4/new2/postgres/contrib/aqo/./tmp_check/data ... ok
creating subdirectories ... ok
selecting dynamic shared memory implementation ... posix
selecting default max_connections ... 100
selecting default shared_buffers ... 128MB
selecting default time zone ... Europe/Moscow
creating configuration files ... ok
running bootstrap script ... ok
performing post-bootstrap initialization ... ok

Sync to disk skipped.
The data directory might become corrupt if the operating system crashes.

initdb: warning: enabling "trust" authentication for local connections
You can change this by editing pg_hba.conf or using the option -A, or
--auth-local and --auth-host, the next time you run initdb.

Success. You can now start the database server using:

    pg_ctl -D /home/alena/test4/new2/postgres/contrib/aqo/./tmp_check/data -l logfile start

