2021-09-05 03:36:55.959 MSK postmaster[23974] LOG:  starting PostgreSQL 15devel on x86_64-pc-linux-gnu, compiled by gcc (Ubuntu 9.3.0-17ubuntu1~20.04) 9.3.0, 64-bit
2021-09-05 03:36:55.959 MSK postmaster[23974] LOG:  listening on Unix socket "/tmp/pg_regress-yWnA8n/.s.PGSQL.51696"
2021-09-05 03:36:55.960 MSK startup[23979] LOG:  database system was shut down at 2021-09-05 03:36:55 MSK
2021-09-05 03:36:55.960 MSK postmaster[23974] LOG:  database system is ready to accept connections
2021-09-05 03:36:56.973 MSK checkpointer[23977] LOG:  checkpoint starting: immediate force wait flush-all
2021-09-05 03:36:56.974 MSK checkpointer[23977] LOG:  checkpoint complete: wrote 6 buffers (0.0%); 0 WAL file(s) added, 0 removed, 0 recycled; write=0.001 s, sync=0.001 s, total=0.002 s; sync files=0, longest=0.000 s, average=0.000 s; distance=1 kB, estimate=1 kB
2021-09-05 03:36:56.984 MSK checkpointer[23977] LOG:  checkpoint starting: immediate force wait
2021-09-05 03:36:56.984 MSK checkpointer[23977] LOG:  checkpoint complete: wrote 0 buffers (0.0%); 0 WAL file(s) added, 0 removed, 0 recycled; write=0.001 s, sync=0.001 s, total=0.001 s; sync files=0, longest=0.000 s, average=0.000 s; distance=0 kB, estimate=1 kB
2021-09-05 03:36:57.250 MSK client backend[23997] pg_regress/aqo_controlled LOG:  temporary file: path "base/pgsql_tmp/pgsql_tmp23997.0", size 1400014
2021-09-05 03:36:57.250 MSK client backend[23997] pg_regress/aqo_controlled STATEMENT:  WITH RECURSIVE t(a)
	AS (
	   VALUES (0)
	   UNION ALL
	   SELECT t.a + 1 FROM t WHERE t.a < 100000
	) INSERT INTO aqo_test2 (SELECT * FROM t);
2021-09-05 03:36:57.533 MSK client backend[24013] pg_regress/schema ERROR:  no schema has been selected to create in
2021-09-05 03:36:57.533 MSK client backend[24013] pg_regress/schema STATEMENT:  CREATE EXTENSION aqo;
2021-09-05 03:36:57.574 MSK client backend[24017] pg_regress/aqo_fdw ERROR:  syntax error at or near ")" at character 63
2021-09-05 03:36:57.574 MSK client backend[24017] pg_regress/aqo_fdw STATEMENT:  EXPLAIN (ANALYZE, COSTS OFF, SUMMARY OFF, TIMING OFF, VERBOSE))
	SELECT x FROM frgn WHERE x < 10;
2021-09-05 03:36:57.614 MSK client backend[24022] pg_regress/aqo_CVE-2020-14350 ERROR:  function "aqo_status" already exists with same argument types
2021-09-05 03:36:57.614 MSK client backend[24022] pg_regress/aqo_CVE-2020-14350 STATEMENT:  CREATE EXTENSION aqo;
2021-09-05 03:36:57.623 MSK client backend[24022] pg_regress/aqo_CVE-2020-14350 ERROR:  function "aqo_enable_query" already exists with same argument types
2021-09-05 03:36:57.623 MSK client backend[24022] pg_regress/aqo_CVE-2020-14350 STATEMENT:  CREATE EXTENSION aqo;
2021-09-05 03:36:57.632 MSK client backend[24022] pg_regress/aqo_CVE-2020-14350 ERROR:  function "aqo_disable_query" already exists with same argument types
2021-09-05 03:36:57.632 MSK client backend[24022] pg_regress/aqo_CVE-2020-14350 STATEMENT:  CREATE EXTENSION aqo;
2021-09-05 03:36:57.640 MSK client backend[24022] pg_regress/aqo_CVE-2020-14350 ERROR:  function "aqo_clear_hist" already exists with same argument types
2021-09-05 03:36:57.640 MSK client backend[24022] pg_regress/aqo_CVE-2020-14350 STATEMENT:  CREATE EXTENSION aqo;
2021-09-05 03:36:57.654 MSK client backend[24022] pg_regress/aqo_CVE-2020-14350 ERROR:  function "aqo_drop" already exists with same argument types
2021-09-05 03:36:57.654 MSK client backend[24022] pg_regress/aqo_CVE-2020-14350 STATEMENT:  CREATE EXTENSION aqo;
2021-09-05 03:36:57.663 MSK client backend[24022] pg_regress/aqo_CVE-2020-14350 ERROR:  function "aqo_ne_queries" already exists with same argument types
2021-09-05 03:36:57.663 MSK client backend[24022] pg_regress/aqo_CVE-2020-14350 STATEMENT:  CREATE EXTENSION aqo;
2021-09-05 03:36:57.719 MSK client backend[24026] pg_regress/gucs ERROR:  permission denied to set parameter "aqo.log_ignorance"
2021-09-05 03:36:57.719 MSK client backend[24026] pg_regress/gucs STATEMENT:  SET aqo.log_ignorance = 'off';
2021-09-05 03:36:59.827 MSK client backend[24042] pg_regress/top_queries ERROR:  extension "aqo" already exists
2021-09-05 03:36:59.827 MSK client backend[24042] pg_regress/top_queries STATEMENT:  CREATE EXTENSION aqo;
2021-09-05 03:37:00.061 MSK client backend[24042] pg_regress/top_queries LOG:  temporary file: path "base/pgsql_tmp/pgsql_tmp24042.0", size 14000000
2021-09-05 03:37:00.061 MSK client backend[24042] pg_regress/top_queries STATEMENT:  SELECT count(*) FROM generate_series(1,1000000);
2021-09-05 03:37:00.181 MSK client backend[24042] pg_regress/top_queries LOG:  temporary file: path "base/pgsql_tmp/pgsql_tmp24042.1", size 1400000
2021-09-05 03:37:00.181 MSK client backend[24042] pg_regress/top_queries STATEMENT:  CREATE TABLE t2 AS SELECT mod(gs,10) AS x, mod(gs+1,10) AS y
		FROM generate_series(1,100000) AS gs;
2021-09-05 03:37:00.257 MSK postmaster[23974] LOG:  received fast shutdown request
2021-09-05 03:37:00.257 MSK postmaster[23974] LOG:  aborting any active transactions
2021-09-05 03:37:00.257 MSK postmaster[23974] LOG:  background worker "logical replication launcher" (PID 23982) exited with exit code 1
2021-09-05 03:37:00.258 MSK checkpointer[23977] LOG:  shutting down
2021-09-05 03:37:00.258 MSK checkpointer[23977] LOG:  checkpoint starting: shutdown immediate
2021-09-05 03:37:00.262 MSK checkpointer[23977] LOG:  checkpoint complete: wrote 756 buffers (4.6%); 0 WAL file(s) added, 0 removed, 1 recycled; write=0.003 s, sync=0.001 s, total=0.005 s; sync files=0, longest=0.000 s, average=0.000 s; distance=18795 kB, estimate=18795 kB
2021-09-05 03:37:00.265 MSK postmaster[23974] LOG:  database system is shut down
